{"D:\\0 Microverse\\2023-01-02 capstone project 02\\Capstone-Project-02\\src\\modules\\commentCounter.js": {"path":"D:\\0 Microverse\\2023-01-02 capstone project 02\\Capstone-Project-02\\src\\modules\\commentCounter.js","statementMap":{"0":{"start":{"line":1,"column":23},"end":{"line":7,"column":1}},"1":{"start":{"line":2,"column":14},"end":{"line":2,"column":15}},"2":{"start":{"line":3,"column":2},"end":{"line":5,"column":3}},"3":{"start":{"line":3,"column":19},"end":{"line":3,"column":20}},"4":{"start":{"line":4,"column":4},"end":{"line":4,"column":15}},"5":{"start":{"line":6,"column":2},"end":{"line":6,"column":15}}},"fnMap":{"0":{"name":"(anonymous_0)","decl":{"start":{"line":1,"column":23},"end":{"line":1,"column":24}},"loc":{"start":{"line":1,"column":36},"end":{"line":7,"column":1}},"line":1}},"branchMap":{},"s":{"0":1,"1":4,"2":4,"3":4,"4":18,"5":4},"f":{"0":4},"b":{},"_coverageSchema":"1a1c01bbd47fc00a2c39e90264f33305004495a9","hash":"149b3bb89878fb3c69ecb4ce342d9b4d7e6d9143"}
,"D:\\0 Microverse\\2023-01-02 capstone project 02\\Capstone-Project-02\\src\\modules\\utils.js": {"path":"D:\\0 Microverse\\2023-01-02 capstone project 02\\Capstone-Project-02\\src\\modules\\utils.js","statementMap":{"0":{"start":{"line":1,"column":16},"end":{"line":1,"column":51}},"1":{"start":{"line":2,"column":17},"end":{"line":2,"column":111}}},"fnMap":{},"branchMap":{},"s":{"0":1,"1":1},"f":{},"b":{},"_coverageSchema":"1a1c01bbd47fc00a2c39e90264f33305004495a9","hash":"fc5eb287283be95c56892e24a2e5c5fdaeed6521"}
}
